<?xml version="1.0" encoding="UTF-8"?>
<!-- Generated by org.testng.reporters.JUnitXMLReporter -->
<testsuite ignored="1" hostname="LAPTOP-KRDH09GV" failures="0" tests="11" name="Test" time="18.792" errors="0" timestamp="2024-07-05T18:12:21 IST">
  <testcase classname="day9.TestNG1" name="test" time="0.007"/>
  <testcase classname="day9.TestNG5" name="enterurl2" time="3.156"/>
  <testcase classname="day9.TestNG5" name="enterurl" time="5.573"/>
  <testcase classname="day9.TestNG4" name="enterurl2" time="3.007"/>
  <testcase classname="day9.TestNG4" name="enterurl" time="3.174"/>
  <testcase classname="day9.TestNG3" name="test" time="0.002"/>
  <testcase classname="day9.TestNG3" name="test" time="0.002"/>
  <testcase classname="day9.TestNG3" name="test" time="0.002"/>
  <testcase classname="day9.TestNG3" name="test2" time="0.001"/>
  <testcase classname="day9.TestNG2" name="test" time="0.002"/>
  <testcase classname="day9.TestNG2" name="test2" time="0.001"/>
  <testcase classname="day9.TestNG3" name="test1" time="0.0">
    <ignored/>
  </testcase> <!-- test1 -->
</testsuite> <!-- Test -->
